生成启动时间为 2018/3/20 0:39:38。
     1>项目“E:\GitWorkstation\CppPrimer\ch6\try_throw\try_throw\try_throw.vcxproj”在节点 2 上(build 个目标)。
     1>InitializeBuildStatus:
         正在对“Debug\try_throw.unsuccessfulbuild”执行 Touch 任务。
       ClCompile:
         d:\VS2010\VC\bin\CL.exe /c /ZI /nologo /W3 /WX- /Od /Oy- /D WIN32 /D _DEBUG /D _CONSOLE /D _UNICODE /D UNICODE /Gm /EHsc /RTC1 /MDd /GS /fp:precise /Zc:wchar_t /Zc:forScope /Fo"Debug\\" /Fd"Debug\vc100.pdb" /Gd /TP /analyze- /errorReport:prompt main.cpp
         main.cpp
     1>e:\gitworkstation\cppprimer\ch6\try_throw\try_throw\main.cpp(16): warning C4102: “std”: 未引用的标签
       ManifestResourceCompile:
         C:\Program Files (x86)\Microsoft SDKs\Windows\v7.0A\bin\rc.exe /nologo /fo"Debug\try_throw.exe.embed.manifest.res" Debug\try_throw_manifest.rc 
       Link:
         d:\VS2010\VC\bin\link.exe /ERRORREPORT:PROMPT /OUT:"E:\GitWorkstation\CppPrimer\ch6\try_throw\Debug\try_throw.exe" /INCREMENTAL /NOLOGO kernel32.lib user32.lib gdi32.lib winspool.lib comdlg32.lib advapi32.lib shell32.lib ole32.lib oleaut32.lib uuid.lib odbc32.lib odbccp32.lib /MANIFEST /ManifestFile:"Debug\try_throw.exe.intermediate.manifest" /MANIFESTUAC:"level='asInvoker' uiAccess='false'" /DEBUG /PDB:"E:\GitWorkstation\CppPrimer\ch6\try_throw\Debug\try_throw.pdb" /SUBSYSTEM:CONSOLE /TLBID:1 /DYNAMICBASE /NXCOMPAT /IMPLIB:"E:\GitWorkstation\CppPrimer\ch6\try_throw\Debug\try_throw.lib" /MACHINE:X86 Debug\try_throw.exe.embed.manifest.res
         Debug\main.obj
       Manifest:
         C:\Program Files (x86)\Microsoft SDKs\Windows\v7.0A\bin\mt.exe /nologo /verbose /out:"Debug\try_throw.exe.embed.manifest" /manifest Debug\try_throw.exe.intermediate.manifest
         C:\Program Files (x86)\Microsoft SDKs\Windows\v7.0A\bin\rc.exe /nologo /fo"Debug\try_throw.exe.embed.manifest.res" Debug\try_throw_manifest.rc 
       LinkEmbedManifest:
         d:\VS2010\VC\bin\link.exe /ERRORREPORT:PROMPT /OUT:"E:\GitWorkstation\CppPrimer\ch6\try_throw\Debug\try_throw.exe" /INCREMENTAL /NOLOGO kernel32.lib user32.lib gdi32.lib winspool.lib comdlg32.lib advapi32.lib shell32.lib ole32.lib oleaut32.lib uuid.lib odbc32.lib odbccp32.lib /MANIFEST /ManifestFile:"Debug\try_throw.exe.intermediate.manifest" /MANIFESTUAC:"level='asInvoker' uiAccess='false'" /DEBUG /PDB:"E:\GitWorkstation\CppPrimer\ch6\try_throw\Debug\try_throw.pdb" /SUBSYSTEM:CONSOLE /TLBID:1 /DYNAMICBASE /NXCOMPAT /IMPLIB:"E:\GitWorkstation\CppPrimer\ch6\try_throw\Debug\try_throw.lib" /MACHINE:X86 Debug\try_throw.exe.embed.manifest.res
         Debug\main.obj
         try_throw.vcxproj -> E:\GitWorkstation\CppPrimer\ch6\try_throw\Debug\try_throw.exe
       FinalizeBuildStatus:
         正在删除文件“Debug\try_throw.unsuccessfulbuild”。
         正在对“Debug\try_throw.lastbuildstate”执行 Touch 任务。
     1>已完成生成项目“E:\GitWorkstation\CppPrimer\ch6\try_throw\try_throw\try_throw.vcxproj”(build 个目标)的操作。

生成成功。

已用时间 00:00:02.65
