生成启动时间为 2018/3/21 1:34:38。
     1>项目“E:\GitWorkstation\CppPrimer\ch7\use_reference_parameter\use_reference_parameter\use_reference_parameter.vcxproj”在节点 2 上(build 个目标)。
     1>InitializeBuildStatus:
         正在创建“Debug\use_reference_parameter.unsuccessfulbuild”，因为已指定“AlwaysCreate”。
       ClCompile:
         d:\VS2010\VC\bin\CL.exe /c /ZI /nologo /W3 /WX- /Od /Oy- /D WIN32 /D _DEBUG /D _CONSOLE /D _UNICODE /D UNICODE /Gm /EHsc /RTC1 /MDd /GS /fp:precise /Zc:wchar_t /Zc:forScope /Fo"Debug\\" /Fd"Debug\vc100.pdb" /Gd /TP /analyze- /errorReport:prompt main.cpp
         main.cpp
       ManifestResourceCompile:
         所有输出均为最新。
       Link:
         d:\VS2010\VC\bin\link.exe /ERRORREPORT:PROMPT /OUT:"E:\GitWorkstation\CppPrimer\ch7\use_reference_parameter\Debug\use_reference_parameter.exe" /INCREMENTAL /NOLOGO kernel32.lib user32.lib gdi32.lib winspool.lib comdlg32.lib advapi32.lib shell32.lib ole32.lib oleaut32.lib uuid.lib odbc32.lib odbccp32.lib /MANIFEST /ManifestFile:"Debug\use_reference_parameter.exe.intermediate.manifest" /MANIFESTUAC:"level='asInvoker' uiAccess='false'" /DEBUG /PDB:"E:\GitWorkstation\CppPrimer\ch7\use_reference_parameter\Debug\use_reference_parameter.pdb" /SUBSYSTEM:CONSOLE /TLBID:1 /DYNAMICBASE /NXCOMPAT /IMPLIB:"E:\GitWorkstation\CppPrimer\ch7\use_reference_parameter\Debug\use_reference_parameter.lib" /MACHINE:X86 Debug\use_reference_parameter.exe.embed.manifest.res
         Debug\main.obj
       Manifest:
         C:\Program Files (x86)\Microsoft SDKs\Windows\v7.0A\bin\mt.exe /nologo /verbose /out:"Debug\use_reference_parameter.exe.embed.manifest" /manifest Debug\use_reference_parameter.exe.intermediate.manifest
         所有输出均为最新。
       LinkEmbedManifest:
         所有输出均为最新。
         use_reference_parameter.vcxproj -> E:\GitWorkstation\CppPrimer\ch7\use_reference_parameter\Debug\use_reference_parameter.exe
       FinalizeBuildStatus:
         正在删除文件“Debug\use_reference_parameter.unsuccessfulbuild”。
         正在对“Debug\use_reference_parameter.lastbuildstate”执行 Touch 任务。
     1>已完成生成项目“E:\GitWorkstation\CppPrimer\ch7\use_reference_parameter\use_reference_parameter\use_reference_parameter.vcxproj”(build 个目标)的操作。

生成成功。

已用时间 00:00:01.33
