生成启动时间为 2018/3/16 13:29:36。
     1>项目“E:\GitWorkstation\CppPrimer\CLRS\ch2\InsertionSort\InsertionSort\InsertionSort.vcxproj”在节点 2 上(build 个目标)。
     1>InitializeBuildStatus:
         正在创建“Debug\InsertionSort.unsuccessfulbuild”，因为已指定“AlwaysCreate”。
       ClCompile:
         d:\VS2010\VC\bin\CL.exe /c /ZI /nologo /W3 /WX- /Od /Oy- /D WIN32 /D _DEBUG /D _CONSOLE /D _UNICODE /D UNICODE /Gm /EHsc /RTC1 /MDd /GS /fp:precise /Zc:wchar_t /Zc:forScope /Fo"Debug\\" /Fd"Debug\vc100.pdb" /Gd /TP /analyze- /errorReport:prompt main.cpp
         main.cpp
       ManifestResourceCompile:
         所有输出均为最新。
       Link:
         d:\VS2010\VC\bin\link.exe /ERRORREPORT:PROMPT /OUT:"E:\GitWorkstation\CppPrimer\CLRS\ch2\InsertionSort\Debug\InsertionSort.exe" /INCREMENTAL /NOLOGO kernel32.lib user32.lib gdi32.lib winspool.lib comdlg32.lib advapi32.lib shell32.lib ole32.lib oleaut32.lib uuid.lib odbc32.lib odbccp32.lib /MANIFEST /ManifestFile:"Debug\InsertionSort.exe.intermediate.manifest" /MANIFESTUAC:"level='asInvoker' uiAccess='false'" /DEBUG /PDB:"E:\GitWorkstation\CppPrimer\CLRS\ch2\InsertionSort\Debug\InsertionSort.pdb" /SUBSYSTEM:CONSOLE /TLBID:1 /DYNAMICBASE /NXCOMPAT /IMPLIB:"E:\GitWorkstation\CppPrimer\CLRS\ch2\InsertionSort\Debug\InsertionSort.lib" /MACHINE:X86 Debug\InsertionSort.exe.embed.manifest.res
         Debug\main.obj
       Manifest:
         C:\Program Files (x86)\Microsoft SDKs\Windows\v7.0A\bin\mt.exe /nologo /verbose /out:"Debug\InsertionSort.exe.embed.manifest" /manifest Debug\InsertionSort.exe.intermediate.manifest
         所有输出均为最新。
       LinkEmbedManifest:
         所有输出均为最新。
         InsertionSort.vcxproj -> E:\GitWorkstation\CppPrimer\CLRS\ch2\InsertionSort\Debug\InsertionSort.exe
       FinalizeBuildStatus:
         正在删除文件“Debug\InsertionSort.unsuccessfulbuild”。
         正在对“Debug\InsertionSort.lastbuildstate”执行 Touch 任务。
     1>已完成生成项目“E:\GitWorkstation\CppPrimer\CLRS\ch2\InsertionSort\InsertionSort\InsertionSort.vcxproj”(build 个目标)的操作。

生成成功。

已用时间 00:00:00.84
