生成启动时间为 2018/3/15 16:54:37。
     1>项目“E:\GitWorkstation\CppPrimer\ch2\const_reference_\const_reference_\const_reference_.vcxproj”在节点 2 上(build 个目标)。
     1>InitializeBuildStatus:
         正在对“Debug\const_reference_.unsuccessfulbuild”执行 Touch 任务。
       ClCompile:
         d:\VS2010\VC\bin\CL.exe /c /ZI /nologo /W3 /WX- /Od /Oy- /D WIN32 /D _DEBUG /D _CONSOLE /D _UNICODE /D UNICODE /Gm /EHsc /RTC1 /MDd /GS /fp:precise /Zc:wchar_t /Zc:forScope /Fo"Debug\\" /Fd"Debug\vc100.pdb" /Gd /TP /analyze- /errorReport:prompt ..\..\const_reference\const_reference\main.cpp
         main.cpp
     1>e:\gitworkstation\cppprimer\ch2\const_reference\const_reference\main.cpp(4): warning C4244: “初始化”: 从“double”转换到“const int”，可能丢失数据
       ManifestResourceCompile:
         所有输出均为最新。
       Link:
         d:\VS2010\VC\bin\link.exe /ERRORREPORT:PROMPT /OUT:"E:\GitWorkstation\CppPrimer\ch2\const_reference_\Debug\const_reference_.exe" /INCREMENTAL /NOLOGO kernel32.lib user32.lib gdi32.lib winspool.lib comdlg32.lib advapi32.lib shell32.lib ole32.lib oleaut32.lib uuid.lib odbc32.lib odbccp32.lib /MANIFEST /ManifestFile:"Debug\const_reference_.exe.intermediate.manifest" /MANIFESTUAC:"level='asInvoker' uiAccess='false'" /DEBUG /PDB:"E:\GitWorkstation\CppPrimer\ch2\const_reference_\Debug\const_reference_.pdb" /SUBSYSTEM:CONSOLE /TLBID:1 /DYNAMICBASE /NXCOMPAT /IMPLIB:"E:\GitWorkstation\CppPrimer\ch2\const_reference_\Debug\const_reference_.lib" /MACHINE:X86 Debug\const_reference_.exe.embed.manifest.res
         Debug\main.obj
       Manifest:
         C:\Program Files (x86)\Microsoft SDKs\Windows\v7.0A\bin\mt.exe /nologo /verbose /out:"Debug\const_reference_.exe.embed.manifest" /manifest Debug\const_reference_.exe.intermediate.manifest
         所有输出均为最新。
       LinkEmbedManifest:
         所有输出均为最新。
         const_reference_.vcxproj -> E:\GitWorkstation\CppPrimer\ch2\const_reference_\Debug\const_reference_.exe
       FinalizeBuildStatus:
         正在删除文件“Debug\const_reference_.unsuccessfulbuild”。
         正在对“Debug\const_reference_.lastbuildstate”执行 Touch 任务。
     1>已完成生成项目“E:\GitWorkstation\CppPrimer\ch2\const_reference_\const_reference_\const_reference_.vcxproj”(build 个目标)的操作。

生成成功。

已用时间 00:00:02.21
